<?xml version="1.0" encoding="UTF-8"?>
<!-- Generated by org.testng.reporters.JUnitReportReporter -->
<testsuite hostname="LAPTOP-1AB76RU1" failures="0" tests="1" name="eCommerce.Flipkart" time="18.003" errors="0" timestamp="2023-07-26T09:04:54 IST" skipped="0">
  <testcase classname="eCommerce.Flipkart" name="flipkarttest" time="18.003"/>
  <system-out>
    <![CDATA[Opening flipkart]]>
  </system-out>
</testsuite> <!-- eCommerce.Flipkart -->
